<?xml version="1.0" encoding="UTF-8"?>
<testsuite xmlns:xsi="http://www.w3.org/2001/XMLSchema-instance" xsi:noNamespaceSchemaLocation="https://maven.apache.org/surefire/maven-surefire-plugin/xsd/surefire-test-report.xsd" name="TestSuite" time="121.891" tests="3" errors="0" skipped="0" failures="1">
  <properties>
[...]
</properties>
  <testcase name="TestCase1" classname="Tests.Tests" time="90.345"/>
  <testcase name="TestCase2" classname="Tests.Tests" time="9.036"/>
  <testcase name="TestCase3" classname="Tests.Tests" time="0.42">
    <failure message="expected [2] but found [0]" type="java.lang.AssertionError">java.lang.AssertionError: expected [2] but found [0]
	at Tests.Tests.TestCase3(Tests.java:50)
</failure>
  </testcase>
</testsuite>